{"/home/jay/Documents/Programing/Repository/dataon-project/src/App.jsx": {"path":"/home/jay/Documents/Programing/Repository/dataon-project/src/App.jsx","statementMap":{"0":{"start":{"line":3,"column":12},"end":{"line":15,"column":1}},"1":{"start":{"line":4,"column":1},"end":{"line":14,"column":7}}},"fnMap":{"0":{"name":"(anonymous_0)","decl":{"start":{"line":3,"column":12},"end":{"line":3,"column":13}},"loc":{"start":{"line":4,"column":1},"end":{"line":14,"column":7}},"line":4}},"branchMap":{},"s":{"0":1,"1":1},"f":{"0":1},"b":{},"_coverageSchema":"1a1c01bbd47fc00a2c39e90264f33305004495a9","hash":"9aae19289abb5013307c9efe015d1bd533bc83fa"}
,"/home/jay/Documents/Programing/Repository/dataon-project/src/main.jsx": {"path":"/home/jay/Documents/Programing/Repository/dataon-project/src/main.jsx","statementMap":{"0":{"start":{"line":6,"column":0},"end":{"line":10,"column":1}}},"fnMap":{},"branchMap":{},"s":{"0":0},"f":{},"b":{}}
}
